<?xml version="1.0" encoding="UTF-8"?>
<testsuite xmlns:xsi="http://www.w3.org/2001/XMLSchema-instance" xsi:noNamespaceSchemaLocation="https://maven.apache.org/surefire/maven-surefire-plugin/xsd/surefire-test-report.xsd" version="3.0.2" name="com.ENAA_Skills.enaa_skills.EnaaSkillsApplicationTests" time="20.204" tests="1" errors="0" skipped="0" failures="0">
  <properties>
[...]
</properties>
  <testcase name="contextLoads" classname="com.ENAA_Skills.enaa_skills.EnaaSkillsApplicationTests" time="1.443">
    <system-out><![CDATA[17:32:29.336 [main] INFO org.springframework.test.context.support.AnnotationConfigContextLoaderUtils -- Could not detect default configuration classes for test class [com.ENAA_Skills.enaa_skills.EnaaSkillsApplicationTests]: EnaaSkillsApplicationTests does not declare any static, non-private, non-final, nested classes annotated with @Configuration.
17:32:29.654 [main] INFO org.springframework.boot.test.context.SpringBootTestContextBootstrapper -- Found @SpringBootConfiguration com.ENAA_Skills.enaa_skills.EnaaSkillsApplication for test class com.ENAA_Skills.enaa_skills.EnaaSkillsApplicationTests

  .   ____          _            __ _ _
 /\\ / ___'_ __ _ _(_)_ __  __ _ \ \ \ \
( ( )\___ | '_ | '_| | '_ \/ _` | \ \ \ \
 \\/  ___)| |_)| | | | | || (_| |  ) ) ) )
  '  |____| .__|_| |_|_| |_\__, | / / / /
 =========|_|==============|___/=/_/_/_/

 :: Spring Boot ::                (v3.5.3)

2025-07-03T17:32:30.994+01:00  INFO 24080 --- [enaa-skills] [           main] c.E.e.EnaaSkillsApplicationTests         : Starting EnaaSkillsApplicationTests using Java 23.0.1 with PID 24080 (started by ENAA in C:\Users\ENAA\OneDrive\Desktop\ENAA\Spring Boot\enaa-skills)
2025-07-03T17:32:31.000+01:00  INFO 24080 --- [enaa-skills] [           main] c.E.e.EnaaSkillsApplicationTests         : No active profile set, falling back to 1 default profile: "default"
2025-07-03T17:32:35.652+01:00  INFO 24080 --- [enaa-skills] [           main] .s.d.r.c.RepositoryConfigurationDelegate : Bootstrapping Spring Data JPA repositories in DEFAULT mode.
2025-07-03T17:32:35.887+01:00  INFO 24080 --- [enaa-skills] [           main] .s.d.r.c.RepositoryConfigurationDelegate : Finished Spring Data repository scanning in 183 ms. Found 3 JPA repository interfaces.
2025-07-03T17:32:37.469+01:00  INFO 24080 --- [enaa-skills] [           main] o.hibernate.jpa.internal.util.LogHelper  : HHH000204: Processing PersistenceUnitInfo [name: default]
2025-07-03T17:32:37.653+01:00  INFO 24080 --- [enaa-skills] [           main] org.hibernate.Version                    : HHH000412: Hibernate ORM core version 6.6.18.Final
2025-07-03T17:32:37.790+01:00  INFO 24080 --- [enaa-skills] [           main] o.h.c.internal.RegionFactoryInitiator    : HHH000026: Second-level cache disabled
2025-07-03T17:32:39.017+01:00  INFO 24080 --- [enaa-skills] [           main] o.s.o.j.p.SpringPersistenceUnitInfo      : No LoadTimeWeaver setup: ignoring JPA class transformer
2025-07-03T17:32:39.071+01:00  INFO 24080 --- [enaa-skills] [           main] com.zaxxer.hikari.HikariDataSource       : HikariPool-1 - Starting...
2025-07-03T17:32:40.278+01:00  INFO 24080 --- [enaa-skills] [           main] com.zaxxer.hikari.pool.HikariPool        : HikariPool-1 - Added connection com.mysql.cj.jdbc.ConnectionImpl@f3876ef
2025-07-03T17:32:40.281+01:00  INFO 24080 --- [enaa-skills] [           main] com.zaxxer.hikari.HikariDataSource       : HikariPool-1 - Start completed.
2025-07-03T17:32:40.507+01:00  WARN 24080 --- [enaa-skills] [           main] org.hibernate.orm.deprecation            : HHH90000025: MySQL8Dialect does not need to be specified explicitly using 'hibernate.dialect' (remove the property setting and it will be selected by default)
2025-07-03T17:32:40.512+01:00  WARN 24080 --- [enaa-skills] [           main] org.hibernate.orm.deprecation            : HHH90000026: MySQL8Dialect has been deprecated; use org.hibernate.dialect.MySQLDialect instead
2025-07-03T17:32:40.590+01:00  INFO 24080 --- [enaa-skills] [           main] org.hibernate.orm.connections.pooling    : HHH10001005: Database info:
	Database JDBC URL [Connecting through datasource 'HikariDataSource (HikariPool-1)']
	Database driver: undefined/unknown
	Database version: 8.0
	Autocommit mode: undefined/unknown
	Isolation level: undefined/unknown
	Minimum pool size: undefined/unknown
	Maximum pool size: undefined/unknown
2025-07-03T17:32:42.830+01:00  INFO 24080 --- [enaa-skills] [           main] o.h.e.t.j.p.i.JtaPlatformInitiator       : HHH000489: No JTA platform available (set 'hibernate.transaction.jta.platform' to enable JTA platform integration)
2025-07-03T17:32:43.091+01:00  INFO 24080 --- [enaa-skills] [           main] j.LocalContainerEntityManagerFactoryBean : Initialized JPA EntityManagerFactory for persistence unit 'default'
2025-07-03T17:32:45.459+01:00  WARN 24080 --- [enaa-skills] [           main] JpaBaseConfiguration$JpaWebConfiguration : spring.jpa.open-in-view is enabled by default. Therefore, database queries may be performed during view rendering. Explicitly configure spring.jpa.open-in-view to disable this warning
2025-07-03T17:32:47.436+01:00  INFO 24080 --- [enaa-skills] [           main] c.E.e.EnaaSkillsApplicationTests         : Started EnaaSkillsApplicationTests in 17.25 seconds (process running for 20.288)
]]></system-out>
    <system-err><![CDATA[Mockito is currently self-attaching to enable the inline-mock-maker. This will no longer work in future releases of the JDK. Please add Mockito as an agent to your build as described in Mockito's documentation: https://javadoc.io/doc/org.mockito/mockito-core/latest/org.mockito/org/mockito/Mockito.html#0.3
WARNING: A Java agent has been loaded dynamically (C:\Users\ENAA\.m2\repository\net\bytebuddy\byte-buddy-agent\1.17.6\byte-buddy-agent-1.17.6.jar)
WARNING: If a serviceability tool is in use, please run with -XX:+EnableDynamicAgentLoading to hide this warning
WARNING: If a serviceability tool is not in use, please run with -Djdk.instrument.traceUsage for more information
WARNING: Dynamic loading of agents will be disallowed by default in a future release
]]></system-err>
  </testcase>
</testsuite>